Using pre-set license
Built from '2021.3/staging' branch; Version is '2021.3.15f1 (e8e88683f834) revision 15263878'; Using compiler version '192829333'; Build Type 'Release'
OS: 'Windows 11  (10.0.22621) 64bit Professional' Language: 'en' Physical Memory: 16082 MB
BatchMode: 1, IsHumanControllingUs: 0, StartBugReporterOnCrash: 0, Is64bit: 1, IsPro: 1

COMMAND LINE ARGUMENTS:
C:\2021.3.15f1\Editor\Unity.exe
-adb2
-batchMode
-noUpm
-name
AssetImportWorker3
-projectPath
C:/Users/brand/OneDrive/Documents/GitHub/Rollin/Rollin_Prototype
-logFile
Logs/AssetImportWorker3.log
-srvPort
50512
Successfully changed project path to: C:/Users/brand/OneDrive/Documents/GitHub/Rollin/Rollin_Prototype
C:/Users/brand/OneDrive/Documents/GitHub/Rollin/Rollin_Prototype
[UnityMemory] Configuration Parameters - Can be set up in boot.config
    "memorysetup-bucket-allocator-granularity=16"
    "memorysetup-bucket-allocator-bucket-count=8"
    "memorysetup-bucket-allocator-block-size=33554432"
    "memorysetup-bucket-allocator-block-count=8"
    "memorysetup-main-allocator-block-size=16777216"
    "memorysetup-thread-allocator-block-size=16777216"
    "memorysetup-gfx-main-allocator-block-size=16777216"
    "memorysetup-gfx-thread-allocator-block-size=16777216"
    "memorysetup-cache-allocator-block-size=4194304"
    "memorysetup-typetree-allocator-block-size=2097152"
    "memorysetup-profiler-bucket-allocator-granularity=16"
    "memorysetup-profiler-bucket-allocator-bucket-count=8"
    "memorysetup-profiler-bucket-allocator-block-size=33554432"
    "memorysetup-profiler-bucket-allocator-block-count=8"
    "memorysetup-profiler-allocator-block-size=16777216"
    "memorysetup-profiler-editor-allocator-block-size=1048576"
    "memorysetup-temp-allocator-size-main=16777216"
    "memorysetup-job-temp-allocator-block-size=2097152"
    "memorysetup-job-temp-allocator-block-size-background=1048576"
    "memorysetup-job-temp-allocator-reduction-small-platforms=262144"
    "memorysetup-temp-allocator-size-background-worker=32768"
    "memorysetup-temp-allocator-size-job-worker=262144"
    "memorysetup-temp-allocator-size-preload-manager=33554432"
    "memorysetup-temp-allocator-size-nav-mesh-worker=65536"
    "memorysetup-temp-allocator-size-audio-worker=65536"
    "memorysetup-temp-allocator-size-cloud-worker=32768"
    "memorysetup-temp-allocator-size-gi-baking-worker=262144"
    "memorysetup-temp-allocator-size-gfx=262144"
Player connection [28276] Host "[IP] 192.168.1.67 [Port] 0 [Flags] 2 [Guid] 1318752812 [EditorId] 1318752812 [Version] 1048832 [Id] WindowsEditor(7,MSI) [Debug] 1 [PackageName] WindowsEditor [ProjectName] Editor" joined multi-casting on [225.0.0.222:54997]...

Player connection [28276] Host "[IP] 192.168.1.67 [Port] 0 [Flags] 2 [Guid] 1318752812 [EditorId] 1318752812 [Version] 1048832 [Id] WindowsEditor(7,MSI) [Debug] 1 [PackageName] WindowsEditor [ProjectName] Editor" joined alternative multi-casting on [225.0.0.222:34997]...

Refreshing native plugins compatible for Editor in 178.32 ms, found 3 plugins.
Preloading 0 native plugins for Editor in 0.00 ms.
Initialize engine version: 2021.3.15f1 (e8e88683f834)
[Subsystems] Discovering subsystems at path C:/2021.3.15f1/Editor/Data/Resources/UnitySubsystems
[Subsystems] Discovering subsystems at path C:/Users/brand/OneDrive/Documents/GitHub/Rollin/Rollin_Prototype/Assets
GfxDevice: creating device client; threaded=0; jobified=0
Direct3D:
    Version:  Direct3D 11.0 [level 11.1]
    Renderer: NVIDIA GeForce RTX 3080 Laptop GPU (ID=0x249c)
    Vendor:   NVIDIA
    VRAM:     8031 MB
    Driver:   31.0.15.3161
Initialize mono
Mono path[0] = 'C:/2021.3.15f1/Editor/Data/Managed'
Mono path[1] = 'C:/2021.3.15f1/Editor/Data/MonoBleedingEdge/lib/mono/unityjit-win32'
Mono config path = 'C:/2021.3.15f1/Editor/Data/MonoBleedingEdge/etc'
Using monoOptions --debugger-agent=transport=dt_socket,embedding=1,server=y,suspend=n,address=127.0.0.1:56112
Begin MonoManager ReloadAssembly
Registering precompiled unity dll's ...
Register platform support module: C:/2021.3.15f1/Editor/Data/PlaybackEngines/AndroidPlayer/UnityEditor.Android.Extensions.dll
Register platform support module: C:/2021.3.15f1/Editor/Data/PlaybackEngines/iOSSupport/UnityEditor.iOS.Extensions.dll
Register platform support module: C:/2021.3.15f1/Editor/Data/PlaybackEngines/WindowsStandaloneSupport/UnityEditor.WindowsStandalone.Extensions.dll
Registered in 0.026487 seconds.
Native extension for WindowsStandalone target not found
[usbmuxd] Start listen thread
[usbmuxd] Listen thread started
Native extension for iOS target not found
Native extension for Android target not found
Refreshing native plugins compatible for Editor in 71.10 ms, found 3 plugins.
Preloading 0 native plugins for Editor in 0.00 ms.
Mono: successfully reloaded assembly
- Completed reload, in  1.869 seconds
Domain Reload Profiling:
	ReloadAssembly (1869ms)
		BeginReloadAssembly (298ms)
			ExecutionOrderSort (0ms)
			DisableScriptedObjects (0ms)
			BackupInstance (0ms)
			ReleaseScriptingObjects (0ms)
			CreateAndSetChildDomain (1ms)
		EndReloadAssembly (1226ms)
			LoadAssemblies (316ms)
			RebuildTransferFunctionScriptingTraits (0ms)
			SetupTypeCache (563ms)
			ReleaseScriptCaches (0ms)
			RebuildScriptCaches (77ms)
			SetupLoadedEditorAssemblies (443ms)
				LogAssemblyErrors (0ms)
				InitializePlatformSupportModulesInManaged (115ms)
				SetLoadedEditorAssemblies (0ms)
				RefreshPlugins (71ms)
				BeforeProcessingInitializeOnLoad (1ms)
				ProcessInitializeOnLoadAttributes (111ms)
				ProcessInitializeOnLoadMethodAttributes (144ms)
				AfterProcessingInitializeOnLoad (0ms)
				EditorAssembliesLoaded (0ms)
			ExecutionOrderSort2 (0ms)
			AwakeInstancesAfterBackupRestoration (0ms)
Platform modules already initialized, skipping
Registering precompiled user dll's ...
Registered in 0.033904 seconds.
Begin MonoManager ReloadAssembly
Symbol file LoadedFromMemory doesn't match image C:\Users\brand\OneDrive\Documents\GitHub\Rollin\Rollin_Prototype\Library\PackageCache\com.unity.visualscripting@1.7.8\Editor\VisualScripting.Core\Dependencies\YamlDotNet\Unity.VisualScripting.YamlDotNet.dll
Symbol file LoadedFromMemory doesn't match image C:\Users\brand\OneDrive\Documents\GitHub\Rollin\Rollin_Prototype\Library\PackageCache\com.unity.visualscripting@1.7.8\Editor\VisualScripting.Core\Dependencies\DotNetZip\Unity.VisualScripting.IonicZip.dll
Native extension for WindowsStandalone target not found
Native extension for iOS target not found
Native extension for Android target not found
Refreshing native plugins compatible for Editor in 0.53 ms, found 3 plugins.
Preloading 0 native plugins for Editor in 0.00 ms.
Mono: successfully reloaded assembly
Package Manager log level set to [2]
- Completed reload, in  1.255 seconds
Domain Reload Profiling:
	ReloadAssembly (1255ms)
		BeginReloadAssembly (199ms)
			ExecutionOrderSort (0ms)
			DisableScriptedObjects (5ms)
			BackupInstance (0ms)
			ReleaseScriptingObjects (0ms)
			CreateAndSetChildDomain (127ms)
		EndReloadAssembly (954ms)
			LoadAssemblies (131ms)
			RebuildTransferFunctionScriptingTraits (0ms)
			SetupTypeCache (341ms)
			ReleaseScriptCaches (1ms)
			RebuildScriptCaches (55ms)
			SetupLoadedEditorAssemblies (354ms)
				LogAssemblyErrors (0ms)
				InitializePlatformSupportModulesInManaged (24ms)
				SetLoadedEditorAssemblies (0ms)
				RefreshPlugins (1ms)
				BeforeProcessingInitializeOnLoad (74ms)
				ProcessInitializeOnLoadAttributes (224ms)
				ProcessInitializeOnLoadMethodAttributes (26ms)
				AfterProcessingInitializeOnLoad (5ms)
				EditorAssembliesLoaded (0ms)
			ExecutionOrderSort2 (0ms)
			AwakeInstancesAfterBackupRestoration (6ms)
Platform modules already initialized, skipping
========================================================================
Worker process is ready to serve import requests
Launched and connected shader compiler UnityShaderCompiler.exe after 0.08 seconds
Refreshing native plugins compatible for Editor in 0.60 ms, found 3 plugins.
Preloading 0 native plugins for Editor in 0.00 ms.
Unloading 3475 Unused Serialized files (Serialized files now loaded: 0)
Unloading 40 unused Assets / (87.7 KB). Loaded Objects now: 3922.
Memory consumption went from 118.8 MB to 118.8 MB.
Total: 4.338700 ms (FindLiveObjects: 0.185400 ms CreateObjectMapping: 0.100300 ms MarkObjects: 3.967500 ms  DeleteObjects: 0.084400 ms)

AssetImportParameters requested are different than current active one (requested -> active):
  custom:video-decoder-ogg-theora: a1e56fd34408186e4bbccfd4996cb3dc -> 
  custom:container-muxer-webm: aa71ff27fc2769a1b78a27578f13a17b -> 
  custom:container-demuxer-webm: 4f35f7cbe854078d1ac9338744f61a02 -> 
  custom:video-encoder-webm-vp8: eb34c28f22e8b96e1ab97ce403110664 -> 
  custom:audio-encoder-webm-vorbis: bf7c407c2cedff20999df2af8eb42d56 -> 
  custom:framework-win-MediaFoundation: 216162199b28c13a410421893ffa2e32 -> 
  custom:container-demuxer-ogg: 62fdf1f143b41e24485cea50d1cbac27 -> 
  custom:video-decoder-webm-vp8: 9c59270c3fd7afecdb556c50c9e8de78 -> 
  custom:audio-decoder-ogg-vorbis: bf7c407c2cedff20999df2af8eb42d56 -> 
========================================================================
Received Import Request.
  Time since last request: 14532.687180 seconds.
  path: Assets/Kitchen/Package04_Free_Kitchen/FreeKitchen/Prefabs/Version03/FreeChair.prefab
  artifactKey: Guid(3be74bf6aaae94d259f7e9006154885d) Importer(815301076,1909f56bfc062723c751e8b465ee728b)
Start importing Assets/Kitchen/Package04_Free_Kitchen/FreeKitchen/Prefabs/Version03/FreeChair.prefab using Guid(3be74bf6aaae94d259f7e9006154885d) Importer(815301076,1909f56bfc062723c751e8b465ee728b)  -> (artifact id: '19cd23c47b2a37fb900d72b0c90949a9') in 0.362367 seconds 
========================================================================
Received Import Request.
  Time since last request: 0.000022 seconds.
  path: Assets/Kitchen/Package04_Free_Kitchen/FreeKitchen/Prefabs/Version03/FreeExtractorHood.prefab
  artifactKey: Guid(b5e6f6df147d44b2f8ceb51de1247009) Importer(815301076,1909f56bfc062723c751e8b465ee728b)
Start importing Assets/Kitchen/Package04_Free_Kitchen/FreeKitchen/Prefabs/Version03/FreeExtractorHood.prefab using Guid(b5e6f6df147d44b2f8ceb51de1247009) Importer(815301076,1909f56bfc062723c751e8b465ee728b)  -> (artifact id: '33ac57d3da060e30df1a4de48a92ba9e') in 0.101992 seconds 
========================================================================
Received Import Request.
  Time since last request: 0.000031 seconds.
  path: Assets/Kitchen/Package04_Free_Kitchen/FreeKitchen/Prefabs/Version03/FreeLampPart.prefab
  artifactKey: Guid(7f3144fefa636410f994e2c11cca9746) Importer(815301076,1909f56bfc062723c751e8b465ee728b)
Start importing Assets/Kitchen/Package04_Free_Kitchen/FreeKitchen/Prefabs/Version03/FreeLampPart.prefab using Guid(7f3144fefa636410f994e2c11cca9746) Importer(815301076,1909f56bfc062723c751e8b465ee728b)  -> (artifact id: 'fd7bd30d1187f46cde4fac005a2ffd43') in 0.100203 seconds 
========================================================================
Received Import Request.
  Time since last request: 0.000026 seconds.
  path: Assets/Kitchen/Package04_Free_Kitchen/FreeKitchen/Prefabs/Version03/FreeStove.prefab
  artifactKey: Guid(298895b511241425b89c241ef25303b4) Importer(815301076,1909f56bfc062723c751e8b465ee728b)
Start importing Assets/Kitchen/Package04_Free_Kitchen/FreeKitchen/Prefabs/Version03/FreeStove.prefab using Guid(298895b511241425b89c241ef25303b4) Importer(815301076,1909f56bfc062723c751e8b465ee728b)  -> (artifact id: '7930c1c5951180a2d7b7d690b6bbd421') in 0.085166 seconds 
========================================================================
Received Import Request.
  Time since last request: 0.000025 seconds.
  path: Assets/Kitchen/Package04_Free_Kitchen/FreeKitchen/Prefabs/Version03/FreeRefrigerator.prefab
  artifactKey: Guid(c666c7257fe3046859d7986a4dd9700c) Importer(815301076,1909f56bfc062723c751e8b465ee728b)
Start importing Assets/Kitchen/Package04_Free_Kitchen/FreeKitchen/Prefabs/Version03/FreeRefrigerator.prefab using Guid(c666c7257fe3046859d7986a4dd9700c) Importer(815301076,1909f56bfc062723c751e8b465ee728b)  -> (artifact id: '5f05e65d3e5599af632d16833b970a34') in 0.095735 seconds 
========================================================================
Received Import Request.
  Time since last request: 0.000017 seconds.
  path: Assets/Kitchen/Package04_Free_Kitchen/FreeKitchen/Prefabs/Version03/FreeSpatula03.prefab
  artifactKey: Guid(668b5f2d7a1ae4d7487f27b276c1585e) Importer(815301076,1909f56bfc062723c751e8b465ee728b)
Start importing Assets/Kitchen/Package04_Free_Kitchen/FreeKitchen/Prefabs/Version03/FreeSpatula03.prefab using Guid(668b5f2d7a1ae4d7487f27b276c1585e) Importer(815301076,1909f56bfc062723c751e8b465ee728b)  -> (artifact id: 'd3b8c845db45def60caf510032f5e9d0') in 0.094606 seconds 
========================================================================
Received Import Request.
  Time since last request: 0.000030 seconds.
  path: Assets/Kitchen/Package04_Free_Kitchen/FreeKitchen/Prefabs/Version03/ShelfWithEquipment02.prefab
  artifactKey: Guid(aa1df0f72b9ae4474bc51acbd4283775) Importer(815301076,1909f56bfc062723c751e8b465ee728b)
Start importing Assets/Kitchen/Package04_Free_Kitchen/FreeKitchen/Prefabs/Version03/ShelfWithEquipment02.prefab using Guid(aa1df0f72b9ae4474bc51acbd4283775) Importer(815301076,1909f56bfc062723c751e8b465ee728b)  -> (artifact id: '24550252acc0062a1bcc22bfc1654e04') in 0.221791 seconds 
========================================================================
Received Import Request.
  Time since last request: 0.000021 seconds.
  path: Assets/Kitchen/Package04_Free_Kitchen/FreeKitchen/Prefabs/Version03/FreeSpatula01.prefab
  artifactKey: Guid(b8afc32a2901449a09ae927ea48e6f6c) Importer(815301076,1909f56bfc062723c751e8b465ee728b)
Start importing Assets/Kitchen/Package04_Free_Kitchen/FreeKitchen/Prefabs/Version03/FreeSpatula01.prefab using Guid(b8afc32a2901449a09ae927ea48e6f6c) Importer(815301076,1909f56bfc062723c751e8b465ee728b)  -> (artifact id: 'c6b5b0bada5ddc15a043b6347442c59a') in 0.090331 seconds 
========================================================================
Received Import Request.
  Time since last request: 0.000034 seconds.
  path: Assets/Kitchen/Package04_Free_Kitchen/FreeKitchen/Prefabs/Version03/FreeSaltShaker.prefab
  artifactKey: Guid(7f496ac96f3ab4b058545abc0cfec9ca) Importer(815301076,1909f56bfc062723c751e8b465ee728b)
Start importing Assets/Kitchen/Package04_Free_Kitchen/FreeKitchen/Prefabs/Version03/FreeSaltShaker.prefab using Guid(7f496ac96f3ab4b058545abc0cfec9ca) Importer(815301076,1909f56bfc062723c751e8b465ee728b)  -> (artifact id: '17a6ff17fec9d9d6575ca4dbe350ac71') in 0.078372 seconds 
========================================================================
Received Import Request.
  Time since last request: 0.000029 seconds.
  path: Assets/Kitchen/Package04_Free_Kitchen/FreeKitchen/Prefabs/Version03/FreeMirkowave.prefab
  artifactKey: Guid(81f07854633244b8589d1a4e251a438a) Importer(815301076,1909f56bfc062723c751e8b465ee728b)
Start importing Assets/Kitchen/Package04_Free_Kitchen/FreeKitchen/Prefabs/Version03/FreeMirkowave.prefab using Guid(81f07854633244b8589d1a4e251a438a) Importer(815301076,1909f56bfc062723c751e8b465ee728b)  -> (artifact id: 'd984f82999ca76dd543ac3e1e5894e9a') in 0.074454 seconds 
========================================================================
Received Import Request.
  Time since last request: 0.000044 seconds.
  path: Assets/Kitchen/Package04_Free_Kitchen/FreeKitchen/Prefabs/Version03/StoveWithExtractorHood.prefab
  artifactKey: Guid(e9f976d212d7840b3af11043b301da29) Importer(815301076,1909f56bfc062723c751e8b465ee728b)
Start importing Assets/Kitchen/Package04_Free_Kitchen/FreeKitchen/Prefabs/Version03/StoveWithExtractorHood.prefab using Guid(e9f976d212d7840b3af11043b301da29) Importer(815301076,1909f56bfc062723c751e8b465ee728b)  -> (artifact id: '9b1d5bb0d56948cfccfc4012f4a617ce') in 0.064453 seconds 
========================================================================
Received Import Request.
  Time since last request: 0.000023 seconds.
  path: Assets/Kitchen/Package04_Free_Kitchen/FreeKitchen/Prefabs/Version03/FreeCoffeeMaker.prefab
  artifactKey: Guid(0975a667bd2f1479ea80c8967b87cf9f) Importer(815301076,1909f56bfc062723c751e8b465ee728b)
Start importing Assets/Kitchen/Package04_Free_Kitchen/FreeKitchen/Prefabs/Version03/FreeCoffeeMaker.prefab using Guid(0975a667bd2f1479ea80c8967b87cf9f) Importer(815301076,1909f56bfc062723c751e8b465ee728b)  -> (artifact id: '14b29ac036ac1a8d53321fb30f1c3ed0') in 0.067310 seconds 
========================================================================
Received Import Request.
  Time since last request: 0.005488 seconds.
  path: Assets/Kitchen/Package04_Free_Kitchen/FreeKitchen/Prefabs/Version03/FreeVase.prefab
  artifactKey: Guid(c8fbde3cd96d6478585af9ba54a74908) Importer(815301076,1909f56bfc062723c751e8b465ee728b)
Start importing Assets/Kitchen/Package04_Free_Kitchen/FreeKitchen/Prefabs/Version03/FreeVase.prefab using Guid(c8fbde3cd96d6478585af9ba54a74908) Importer(815301076,1909f56bfc062723c751e8b465ee728b)  -> (artifact id: '0e50461528271feea7a384d8d30cc709') in 0.080776 seconds 
========================================================================
Received Import Request.
  Time since last request: 0.000015 seconds.
  path: Assets/Kitchen/Package04_Free_Kitchen/FreeKitchen/Prefabs/Version03/FreePlate.prefab
  artifactKey: Guid(177c52344eee54631af8ac52503d1ea3) Importer(815301076,1909f56bfc062723c751e8b465ee728b)
Start importing Assets/Kitchen/Package04_Free_Kitchen/FreeKitchen/Prefabs/Version03/FreePlate.prefab using Guid(177c52344eee54631af8ac52503d1ea3) Importer(815301076,1909f56bfc062723c751e8b465ee728b)  -> (artifact id: '92bac49d1dfe583f77ca85d27898a505') in 0.078601 seconds 
========================================================================
Received Import Request.
  Time since last request: 0.000018 seconds.
  path: Assets/Kitchen/Package04_Free_Kitchen/FreeKitchen/Prefabs/Version03/ShelfWithEquipment01.prefab
  artifactKey: Guid(b1682c080b95e4d0cbad249d2c896d99) Importer(815301076,1909f56bfc062723c751e8b465ee728b)
Start importing Assets/Kitchen/Package04_Free_Kitchen/FreeKitchen/Prefabs/Version03/ShelfWithEquipment01.prefab using Guid(b1682c080b95e4d0cbad249d2c896d99) Importer(815301076,1909f56bfc062723c751e8b465ee728b)  -> (artifact id: 'd19a581c3c83ae7ef858621b163625ea') in 0.341734 seconds 
========================================================================
Received Import Request.
  Time since last request: 0.315199 seconds.
  path: Assets/Kitchen/Package04_Free_Kitchen/FreeKitchen/Models/FreeBowl01.fbx
  artifactKey: Guid(8f04299fce5804de899d83d33b03de23) Importer(815301076,1909f56bfc062723c751e8b465ee728b)
Start importing Assets/Kitchen/Package04_Free_Kitchen/FreeKitchen/Models/FreeBowl01.fbx using Guid(8f04299fce5804de899d83d33b03de23) Importer(815301076,1909f56bfc062723c751e8b465ee728b)  -> (artifact id: '39ff44c09f4eaef60f0d13b8e89278a2') in 0.418808 seconds 
========================================================================
Received Import Request.
  Time since last request: 0.002041 seconds.
  path: Assets/Kitchen/Package04_Free_Kitchen/FreeKitchen/Models/FreeShelf.fbx
  artifactKey: Guid(afaeced10297a41728c31de1b878c4a1) Importer(815301076,1909f56bfc062723c751e8b465ee728b)
Start importing Assets/Kitchen/Package04_Free_Kitchen/FreeKitchen/Models/FreeShelf.fbx using Guid(afaeced10297a41728c31de1b878c4a1) Importer(815301076,1909f56bfc062723c751e8b465ee728b)  -> (artifact id: 'd494ab0f0375d3e9f071c8b22632a34d') in 0.130283 seconds 
========================================================================
Received Import Request.
  Time since last request: 0.000020 seconds.
  path: Assets/Kitchen/Package04_Free_Kitchen/FreeKitchen/Models/FreeRoom.fbx
  artifactKey: Guid(e44398b8debef4010a789dd58c1ae19a) Importer(815301076,1909f56bfc062723c751e8b465ee728b)
Start importing Assets/Kitchen/Package04_Free_Kitchen/FreeKitchen/Models/FreeRoom.fbx using Guid(e44398b8debef4010a789dd58c1ae19a) Importer(815301076,1909f56bfc062723c751e8b465ee728b)  -> (artifact id: 'c663052ba4784aa9f7465e6bf9d82cfb') in 0.142568 seconds 
========================================================================
Received Import Request.
  Time since last request: 0.000035 seconds.
  path: Assets/Kitchen/Package04_Free_Kitchen/FreeKitchen/Models/FreeCarpet.fbx
  artifactKey: Guid(4dfa891e474b549bbb7e88914a5713e6) Importer(815301076,1909f56bfc062723c751e8b465ee728b)
Start importing Assets/Kitchen/Package04_Free_Kitchen/FreeKitchen/Models/FreeCarpet.fbx using Guid(4dfa891e474b549bbb7e88914a5713e6) Importer(815301076,1909f56bfc062723c751e8b465ee728b)  -> (artifact id: '98f5816e02a7607879e99f659ae1c8f9') in 0.117024 seconds 
========================================================================
Received Import Request.
  Time since last request: 0.000046 seconds.
  path: Assets/Kitchen/Package04_Free_Kitchen/FreeKitchen/Models/FreeCabinet03_DrawerBig.fbx
  artifactKey: Guid(d1c98a9ae66fa4a35818bf0bdc74e7eb) Importer(815301076,1909f56bfc062723c751e8b465ee728b)
Start importing Assets/Kitchen/Package04_Free_Kitchen/FreeKitchen/Models/FreeCabinet03_DrawerBig.fbx using Guid(d1c98a9ae66fa4a35818bf0bdc74e7eb) Importer(815301076,1909f56bfc062723c751e8b465ee728b)  -> (artifact id: '150dcf680abc7fafe1d3038750ed2a4b') in 0.119169 seconds 
========================================================================
Received Import Request.
  Time since last request: 0.000028 seconds.
  path: Assets/Kitchen/Package04_Free_Kitchen/FreeKitchen/Models/FreeToaster.fbx
  artifactKey: Guid(a4595afe082c14292a6a0728f327f0a9) Importer(815301076,1909f56bfc062723c751e8b465ee728b)
Start importing Assets/Kitchen/Package04_Free_Kitchen/FreeKitchen/Models/FreeToaster.fbx using Guid(a4595afe082c14292a6a0728f327f0a9) Importer(815301076,1909f56bfc062723c751e8b465ee728b)  -> (artifact id: '695ed677ae631533efcf405b2589f192') in 0.089769 seconds 
========================================================================
Received Import Request.
  Time since last request: 0.000023 seconds.
  path: Assets/Kitchen/Package04_Free_Kitchen/FreeKitchen/Models/FreeCup02.fbx
  artifactKey: Guid(02bdf42aac25342d88e59b946aed3b31) Importer(815301076,1909f56bfc062723c751e8b465ee728b)
Start importing Assets/Kitchen/Package04_Free_Kitchen/FreeKitchen/Models/FreeCup02.fbx using Guid(02bdf42aac25342d88e59b946aed3b31) Importer(815301076,1909f56bfc062723c751e8b465ee728b)  -> (artifact id: '2d5a182100ce2246ea5c8fbdbd168337') in 0.091968 seconds 
========================================================================
Received Import Request.
  Time since last request: 0.002835 seconds.
  path: Assets/Kitchen/Package04_Free_Kitchen/FreeKitchen/Models/FreeBowl02.fbx
  artifactKey: Guid(63a684205bd934635bea35ff3f82fbbc) Importer(815301076,1909f56bfc062723c751e8b465ee728b)
Start importing Assets/Kitchen/Package04_Free_Kitchen/FreeKitchen/Models/FreeBowl02.fbx using Guid(63a684205bd934635bea35ff3f82fbbc) Importer(815301076,1909f56bfc062723c751e8b465ee728b)  -> (artifact id: '58fe50ef1ad82f176af503de1937f190') in 0.099151 seconds 
========================================================================
Received Import Request.
  Time since last request: 0.000441 seconds.
  path: Assets/Kitchen/Package04_Free_Kitchen/FreeKitchen/Models/FreeStove.fbx
  artifactKey: Guid(37b9e3ececa8e40bdb666179779b2ba2) Importer(815301076,1909f56bfc062723c751e8b465ee728b)
Start importing Assets/Kitchen/Package04_Free_Kitchen/FreeKitchen/Models/FreeStove.fbx using Guid(37b9e3ececa8e40bdb666179779b2ba2) Importer(815301076,1909f56bfc062723c751e8b465ee728b)  -> (artifact id: '182b3e1c3ade106afadb8b7366ad786a') in 0.079673 seconds 
========================================================================
Received Import Request.
  Time since last request: 0.000021 seconds.
  path: Assets/Kitchen/Package04_Free_Kitchen/FreeKitchen/Models/FreeRefrigerator.fbx
  artifactKey: Guid(2b7c965ce965046faab61e0ccfefac3b) Importer(815301076,1909f56bfc062723c751e8b465ee728b)
Start importing Assets/Kitchen/Package04_Free_Kitchen/FreeKitchen/Models/FreeRefrigerator.fbx using Guid(2b7c965ce965046faab61e0ccfefac3b) Importer(815301076,1909f56bfc062723c751e8b465ee728b)  -> (artifact id: '6eb79245a1e07487d41ccebe05fff672') in 0.100791 seconds 
========================================================================
Received Import Request.
  Time since last request: 0.000023 seconds.
  path: Assets/Kitchen/Package04_Free_Kitchen/FreeKitchen/Models/FreeSpatula02.fbx
  artifactKey: Guid(a247d2de4e8ff417bb4477b110339452) Importer(815301076,1909f56bfc062723c751e8b465ee728b)
Start importing Assets/Kitchen/Package04_Free_Kitchen/FreeKitchen/Models/FreeSpatula02.fbx using Guid(a247d2de4e8ff417bb4477b110339452) Importer(815301076,1909f56bfc062723c751e8b465ee728b)  -> (artifact id: '33388e4e555c1ffb5d4339c99901b7a2') in 0.117940 seconds 
========================================================================
Received Import Request.
  Time since last request: 0.000031 seconds.
  path: Assets/Kitchen/Package04_Free_Kitchen/FreeKitchen/Models/FreeMirkowave.fbx
  artifactKey: Guid(b8ebfe305189541c599cfac2c3f6ee68) Importer(815301076,1909f56bfc062723c751e8b465ee728b)
Start importing Assets/Kitchen/Package04_Free_Kitchen/FreeKitchen/Models/FreeMirkowave.fbx using Guid(b8ebfe305189541c599cfac2c3f6ee68) Importer(815301076,1909f56bfc062723c751e8b465ee728b)  -> (artifact id: '11276e9c323aeeec55b60f84de37be2c') in 0.154497 seconds 
========================================================================
Received Import Request.
  Time since last request: 0.000035 seconds.
  path: Assets/Kitchen/Package04_Free_Kitchen/FreeKitchen/Models/FreeVase.fbx
  artifactKey: Guid(ed6105ec8aa2a4c9282c15aa8f7e91e4) Importer(815301076,1909f56bfc062723c751e8b465ee728b)
Start importing Assets/Kitchen/Package04_Free_Kitchen/FreeKitchen/Models/FreeVase.fbx using Guid(ed6105ec8aa2a4c9282c15aa8f7e91e4) Importer(815301076,1909f56bfc062723c751e8b465ee728b)  -> (artifact id: 'b7e49c505699effdffbe8daf3ce1091c') in 0.084635 seconds 
========================================================================
Received Import Request.
  Time since last request: 0.002466 seconds.
  path: Assets/Kitchen/Package04_Free_Kitchen/FreeKitchen/Models/Items.fbx
  artifactKey: Guid(ebfa493e4f0bc486fb83a43c8d58dc53) Importer(815301076,1909f56bfc062723c751e8b465ee728b)
Start importing Assets/Kitchen/Package04_Free_Kitchen/FreeKitchen/Models/Items.fbx using Guid(ebfa493e4f0bc486fb83a43c8d58dc53) Importer(815301076,1909f56bfc062723c751e8b465ee728b)  -> (artifact id: 'edf877d473e5f6f07df1706f44e7951a') in 0.038651 seconds 
========================================================================
Received Import Request.
  Time since last request: 0.000031 seconds.
  path: Assets/Kitchen/Package04_Free_Kitchen/FreeKitchen/Models/FreePotSmall.fbx
  artifactKey: Guid(3e4f1f36d48bc48bf9375ae3198a0f86) Importer(815301076,1909f56bfc062723c751e8b465ee728b)
Start importing Assets/Kitchen/Package04_Free_Kitchen/FreeKitchen/Models/FreePotSmall.fbx using Guid(3e4f1f36d48bc48bf9375ae3198a0f86) Importer(815301076,1909f56bfc062723c751e8b465ee728b)  -> (artifact id: '356a5dc95777538fa3469710c308abc3') in 0.105962 seconds 
========================================================================
Received Import Request.
  Time since last request: 0.000419 seconds.
  path: Assets/Kitchen/Package04_Free_Kitchen/FreeKitchen/Models/FreeCabinet03.fbx
  artifactKey: Guid(965726bb3b2db4202a03b91e27528d39) Importer(815301076,1909f56bfc062723c751e8b465ee728b)
Start importing Assets/Kitchen/Package04_Free_Kitchen/FreeKitchen/Models/FreeCabinet03.fbx using Guid(965726bb3b2db4202a03b91e27528d39) Importer(815301076,1909f56bfc062723c751e8b465ee728b)  -> (artifact id: 'b4f654abb32b1e20188853452f6bd5d2') in 0.121846 seconds 
========================================================================
Received Import Request.
  Time since last request: 0.000035 seconds.
  path: Assets/Kitchen/Package04_Free_Kitchen/FreeKitchen/Models/FreeSpoon.fbx
  artifactKey: Guid(ebf25730584934c188355eb62ca72e7b) Importer(815301076,1909f56bfc062723c751e8b465ee728b)
Start importing Assets/Kitchen/Package04_Free_Kitchen/FreeKitchen/Models/FreeSpoon.fbx using Guid(ebf25730584934c188355eb62ca72e7b) Importer(815301076,1909f56bfc062723c751e8b465ee728b)  -> (artifact id: 'e9c95ac57a7281706a4801e895786467') in 0.108963 seconds 
========================================================================
Received Import Request.
  Time since last request: 0.000046 seconds.
  path: Assets/Kitchen/Package04_Free_Kitchen/FreeKitchen/Models/FreeCoffeeMaker.fbx
  artifactKey: Guid(fb230ce10f3ae484383e817ba4021312) Importer(815301076,1909f56bfc062723c751e8b465ee728b)
Start importing Assets/Kitchen/Package04_Free_Kitchen/FreeKitchen/Models/FreeCoffeeMaker.fbx using Guid(fb230ce10f3ae484383e817ba4021312) Importer(815301076,1909f56bfc062723c751e8b465ee728b)  -> (artifact id: 'fa3d8f4a0e793ecab48f0c7c4fb155a2') in 0.141636 seconds 
Editor requested this worker to shutdown with reason: Scaling down because of idle timeout
AssetImportWorker is now disconnected from the server
Process exiting
Exiting without the bug reporter. Application will terminate with return code 0