Using pre-set license
Built from '2021.3/staging' branch; Version is '2021.3.15f1 (e8e88683f834) revision 15263878'; Using compiler version '192829333'; Build Type 'Release'
OS: 'Windows 11  (10.0.22621) 64bit Professional' Language: 'en' Physical Memory: 16082 MB
BatchMode: 1, IsHumanControllingUs: 0, StartBugReporterOnCrash: 0, Is64bit: 1, IsPro: 1

COMMAND LINE ARGUMENTS:
C:\2021.3.15f1\Editor\Unity.exe
-adb2
-batchMode
-noUpm
-name
AssetImportWorker4
-projectPath
C:/Users/brand/OneDrive/Documents/GitHub/Rollin/Rollin_Prototype
-logFile
Logs/AssetImportWorker4.log
-srvPort
50512
Successfully changed project path to: C:/Users/brand/OneDrive/Documents/GitHub/Rollin/Rollin_Prototype
C:/Users/brand/OneDrive/Documents/GitHub/Rollin/Rollin_Prototype
[UnityMemory] Configuration Parameters - Can be set up in boot.config
    "memorysetup-bucket-allocator-granularity=16"
    "memorysetup-bucket-allocator-bucket-count=8"
    "memorysetup-bucket-allocator-block-size=33554432"
    "memorysetup-bucket-allocator-block-count=8"
    "memorysetup-main-allocator-block-size=16777216"
    "memorysetup-thread-allocator-block-size=16777216"
    "memorysetup-gfx-main-allocator-block-size=16777216"
    "memorysetup-gfx-thread-allocator-block-size=16777216"
    "memorysetup-cache-allocator-block-size=4194304"
    "memorysetup-typetree-allocator-block-size=2097152"
    "memorysetup-profiler-bucket-allocator-granularity=16"
    "memorysetup-profiler-bucket-allocator-bucket-count=8"
    "memorysetup-profiler-bucket-allocator-block-size=33554432"
    "memorysetup-profiler-bucket-allocator-block-count=8"
    "memorysetup-profiler-allocator-block-size=16777216"
    "memorysetup-profiler-editor-allocator-block-size=1048576"
    "memorysetup-temp-allocator-size-main=16777216"
    "memorysetup-job-temp-allocator-block-size=2097152"
    "memorysetup-job-temp-allocator-block-size-background=1048576"
    "memorysetup-job-temp-allocator-reduction-small-platforms=262144"
    "memorysetup-temp-allocator-size-background-worker=32768"
    "memorysetup-temp-allocator-size-job-worker=262144"
    "memorysetup-temp-allocator-size-preload-manager=33554432"
    "memorysetup-temp-allocator-size-nav-mesh-worker=65536"
    "memorysetup-temp-allocator-size-audio-worker=65536"
    "memorysetup-temp-allocator-size-cloud-worker=32768"
    "memorysetup-temp-allocator-size-gi-baking-worker=262144"
    "memorysetup-temp-allocator-size-gfx=262144"
Player connection [26804] Host "[IP] 192.168.1.67 [Port] 0 [Flags] 2 [Guid] 3258190749 [EditorId] 3258190749 [Version] 1048832 [Id] WindowsEditor(7,MSI) [Debug] 1 [PackageName] WindowsEditor [ProjectName] Editor" joined multi-casting on [225.0.0.222:54997]...

Player connection [26804] Host "[IP] 192.168.1.67 [Port] 0 [Flags] 2 [Guid] 3258190749 [EditorId] 3258190749 [Version] 1048832 [Id] WindowsEditor(7,MSI) [Debug] 1 [PackageName] WindowsEditor [ProjectName] Editor" joined alternative multi-casting on [225.0.0.222:34997]...

Refreshing native plugins compatible for Editor in 134.05 ms, found 3 plugins.
Preloading 0 native plugins for Editor in 0.00 ms.
Initialize engine version: 2021.3.15f1 (e8e88683f834)
[Subsystems] Discovering subsystems at path C:/2021.3.15f1/Editor/Data/Resources/UnitySubsystems
[Subsystems] Discovering subsystems at path C:/Users/brand/OneDrive/Documents/GitHub/Rollin/Rollin_Prototype/Assets
GfxDevice: creating device client; threaded=0; jobified=0
Direct3D:
    Version:  Direct3D 11.0 [level 11.1]
    Renderer: NVIDIA GeForce RTX 3080 Laptop GPU (ID=0x249c)
    Vendor:   NVIDIA
    VRAM:     8031 MB
    Driver:   31.0.15.3161
Initialize mono
Mono path[0] = 'C:/2021.3.15f1/Editor/Data/Managed'
Mono path[1] = 'C:/2021.3.15f1/Editor/Data/MonoBleedingEdge/lib/mono/unityjit-win32'
Mono config path = 'C:/2021.3.15f1/Editor/Data/MonoBleedingEdge/etc'
Using monoOptions --debugger-agent=transport=dt_socket,embedding=1,server=y,suspend=n,address=127.0.0.1:56684
Begin MonoManager ReloadAssembly
Registering precompiled unity dll's ...
Register platform support module: C:/2021.3.15f1/Editor/Data/PlaybackEngines/AndroidPlayer/UnityEditor.Android.Extensions.dll
Register platform support module: C:/2021.3.15f1/Editor/Data/PlaybackEngines/iOSSupport/UnityEditor.iOS.Extensions.dll
Register platform support module: C:/2021.3.15f1/Editor/Data/PlaybackEngines/WindowsStandaloneSupport/UnityEditor.WindowsStandalone.Extensions.dll
Registered in 0.004757 seconds.
Native extension for WindowsStandalone target not found
[usbmuxd] Start listen thread
Native extension for iOS target not found
[usbmuxd] Listen thread started
Native extension for Android target not found
Refreshing native plugins compatible for Editor in 193.29 ms, found 3 plugins.
Preloading 0 native plugins for Editor in 0.00 ms.
Mono: successfully reloaded assembly
- Completed reload, in  1.654 seconds
Domain Reload Profiling:
	ReloadAssembly (1654ms)
		BeginReloadAssembly (224ms)
			ExecutionOrderSort (0ms)
			DisableScriptedObjects (0ms)
			BackupInstance (0ms)
			ReleaseScriptingObjects (0ms)
			CreateAndSetChildDomain (1ms)
		EndReloadAssembly (1185ms)
			LoadAssemblies (224ms)
			RebuildTransferFunctionScriptingTraits (0ms)
			SetupTypeCache (473ms)
			ReleaseScriptCaches (0ms)
			RebuildScriptCaches (62ms)
			SetupLoadedEditorAssemblies (549ms)
				LogAssemblyErrors (0ms)
				InitializePlatformSupportModulesInManaged (117ms)
				SetLoadedEditorAssemblies (2ms)
				RefreshPlugins (193ms)
				BeforeProcessingInitializeOnLoad (3ms)
				ProcessInitializeOnLoadAttributes (175ms)
				ProcessInitializeOnLoadMethodAttributes (58ms)
				AfterProcessingInitializeOnLoad (0ms)
				EditorAssembliesLoaded (0ms)
			ExecutionOrderSort2 (0ms)
			AwakeInstancesAfterBackupRestoration (0ms)
Platform modules already initialized, skipping
Registering precompiled user dll's ...
Registered in 0.034516 seconds.
Begin MonoManager ReloadAssembly
Symbol file LoadedFromMemory doesn't match image C:\Users\brand\OneDrive\Documents\GitHub\Rollin\Rollin_Prototype\Library\PackageCache\com.unity.visualscripting@1.7.8\Editor\VisualScripting.Core\Dependencies\YamlDotNet\Unity.VisualScripting.YamlDotNet.dll
Symbol file LoadedFromMemory doesn't match image C:\Users\brand\OneDrive\Documents\GitHub\Rollin\Rollin_Prototype\Library\PackageCache\com.unity.visualscripting@1.7.8\Editor\VisualScripting.Core\Dependencies\DotNetZip\Unity.VisualScripting.IonicZip.dll
Native extension for WindowsStandalone target not found
Native extension for iOS target not found
Native extension for Android target not found
Refreshing native plugins compatible for Editor in 0.65 ms, found 3 plugins.
Preloading 0 native plugins for Editor in 0.00 ms.
Mono: successfully reloaded assembly
Package Manager log level set to [2]
- Completed reload, in  1.307 seconds
Domain Reload Profiling:
	ReloadAssembly (1308ms)
		BeginReloadAssembly (227ms)
			ExecutionOrderSort (0ms)
			DisableScriptedObjects (6ms)
			BackupInstance (0ms)
			ReleaseScriptingObjects (0ms)
			CreateAndSetChildDomain (141ms)
		EndReloadAssembly (1001ms)
			LoadAssemblies (121ms)
			RebuildTransferFunctionScriptingTraits (0ms)
			SetupTypeCache (367ms)
			ReleaseScriptCaches (0ms)
			RebuildScriptCaches (58ms)
			SetupLoadedEditorAssemblies (395ms)
				LogAssemblyErrors (0ms)
				InitializePlatformSupportModulesInManaged (24ms)
				SetLoadedEditorAssemblies (0ms)
				RefreshPlugins (1ms)
				BeforeProcessingInitializeOnLoad (74ms)
				ProcessInitializeOnLoadAttributes (265ms)
				ProcessInitializeOnLoadMethodAttributes (25ms)
				AfterProcessingInitializeOnLoad (5ms)
				EditorAssembliesLoaded (0ms)
			ExecutionOrderSort2 (0ms)
			AwakeInstancesAfterBackupRestoration (6ms)
Platform modules already initialized, skipping
========================================================================
Worker process is ready to serve import requests
Launched and connected shader compiler UnityShaderCompiler.exe after 0.09 seconds
Refreshing native plugins compatible for Editor in 0.73 ms, found 3 plugins.
Preloading 0 native plugins for Editor in 0.00 ms.
Unloading 3475 Unused Serialized files (Serialized files now loaded: 0)
Unloading 40 unused Assets / (87.7 KB). Loaded Objects now: 3922.
Memory consumption went from 118.8 MB to 118.7 MB.
Total: 2.823100 ms (FindLiveObjects: 0.191500 ms CreateObjectMapping: 0.075800 ms MarkObjects: 2.470200 ms  DeleteObjects: 0.084500 ms)

AssetImportParameters requested are different than current active one (requested -> active):
  custom:video-decoder-ogg-theora: a1e56fd34408186e4bbccfd4996cb3dc -> 
  custom:container-muxer-webm: aa71ff27fc2769a1b78a27578f13a17b -> 
  custom:container-demuxer-webm: 4f35f7cbe854078d1ac9338744f61a02 -> 
  custom:video-encoder-webm-vp8: eb34c28f22e8b96e1ab97ce403110664 -> 
  custom:audio-encoder-webm-vorbis: bf7c407c2cedff20999df2af8eb42d56 -> 
  custom:framework-win-MediaFoundation: 216162199b28c13a410421893ffa2e32 -> 
  custom:container-demuxer-ogg: 62fdf1f143b41e24485cea50d1cbac27 -> 
  custom:video-decoder-webm-vp8: 9c59270c3fd7afecdb556c50c9e8de78 -> 
  custom:audio-decoder-ogg-vorbis: bf7c407c2cedff20999df2af8eb42d56 -> 
========================================================================
Received Import Request.
  Time since last request: 14532.685273 seconds.
  path: Assets/Kitchen/Package04_Free_Kitchen/FreeKitchen/Prefabs/Version03/FreeCarpet.prefab
  artifactKey: Guid(cd843efa35c674c83864516cd9ee737c) Importer(815301076,1909f56bfc062723c751e8b465ee728b)
Start importing Assets/Kitchen/Package04_Free_Kitchen/FreeKitchen/Prefabs/Version03/FreeCarpet.prefab using Guid(cd843efa35c674c83864516cd9ee737c) Importer(815301076,1909f56bfc062723c751e8b465ee728b)  -> (artifact id: '47529f073c1fad3aa9cd5d0d95cd215b') in 0.364959 seconds 
========================================================================
Received Import Request.
  Time since last request: 0.000021 seconds.
  path: Assets/Kitchen/Package04_Free_Kitchen/FreeKitchen/Prefabs/Version03/FreePepperShaker.prefab
  artifactKey: Guid(21f44143642eb4f81962afae078040b1) Importer(815301076,1909f56bfc062723c751e8b465ee728b)
Start importing Assets/Kitchen/Package04_Free_Kitchen/FreeKitchen/Prefabs/Version03/FreePepperShaker.prefab using Guid(21f44143642eb4f81962afae078040b1) Importer(815301076,1909f56bfc062723c751e8b465ee728b)  -> (artifact id: '90dc89578cb10eaa12394a60b77dc436') in 0.088193 seconds 
========================================================================
Received Import Request.
  Time since last request: 0.000028 seconds.
  path: Assets/Kitchen/Package04_Free_Kitchen/FreeKitchen/Prefabs/Version03/FreeSpoon.prefab
  artifactKey: Guid(c1f9c36f50fdd477297e3ddc26b2da5a) Importer(815301076,1909f56bfc062723c751e8b465ee728b)
Start importing Assets/Kitchen/Package04_Free_Kitchen/FreeKitchen/Prefabs/Version03/FreeSpoon.prefab using Guid(c1f9c36f50fdd477297e3ddc26b2da5a) Importer(815301076,1909f56bfc062723c751e8b465ee728b)  -> (artifact id: '89cef6b66776a19905c36753962f8a26') in 0.100269 seconds 
========================================================================
Received Import Request.
  Time since last request: 0.000017 seconds.
  path: Assets/Kitchen/Package04_Free_Kitchen/FreeKitchen/Prefabs/Version03/FreeToaster.prefab
  artifactKey: Guid(3f7cb05e79d764c31b1eb68f91ab639e) Importer(815301076,1909f56bfc062723c751e8b465ee728b)
Start importing Assets/Kitchen/Package04_Free_Kitchen/FreeKitchen/Prefabs/Version03/FreeToaster.prefab using Guid(3f7cb05e79d764c31b1eb68f91ab639e) Importer(815301076,1909f56bfc062723c751e8b465ee728b)  -> (artifact id: '7fa48947fa1e33dc4d542024e80c29d9') in 0.095092 seconds 
========================================================================
Received Import Request.
  Time since last request: 0.000017 seconds.
  path: Assets/Kitchen/Package04_Free_Kitchen/FreeKitchen/Prefabs/Version03/FreeTable.prefab
  artifactKey: Guid(5b91314bfbfb94a0fbda920dc4c05873) Importer(815301076,1909f56bfc062723c751e8b465ee728b)
Start importing Assets/Kitchen/Package04_Free_Kitchen/FreeKitchen/Prefabs/Version03/FreeTable.prefab using Guid(5b91314bfbfb94a0fbda920dc4c05873) Importer(815301076,1909f56bfc062723c751e8b465ee728b)  -> (artifact id: '0bd2379cde4822afc2a772e6d6ab90c6') in 0.101410 seconds 
========================================================================
Received Import Request.
  Time since last request: 0.000018 seconds.
  path: Assets/Kitchen/Package04_Free_Kitchen/FreeKitchen/Prefabs/Version03/FreeCup.prefab
  artifactKey: Guid(671353b04473d497aa7ab540d5dfc38d) Importer(815301076,1909f56bfc062723c751e8b465ee728b)
Start importing Assets/Kitchen/Package04_Free_Kitchen/FreeKitchen/Prefabs/Version03/FreeCup.prefab using Guid(671353b04473d497aa7ab540d5dfc38d) Importer(815301076,1909f56bfc062723c751e8b465ee728b)  -> (artifact id: '120a5c94382fafebe0ef6190ed4e707f') in 0.093452 seconds 
========================================================================
Received Import Request.
  Time since last request: 0.000026 seconds.
  path: Assets/Kitchen/Package04_Free_Kitchen/FreeKitchen/Prefabs/Version03/FreeCup02.prefab
  artifactKey: Guid(1c18ad21c7ffe42d0ac6bd53d86cf4ad) Importer(815301076,1909f56bfc062723c751e8b465ee728b)
Start importing Assets/Kitchen/Package04_Free_Kitchen/FreeKitchen/Prefabs/Version03/FreeCup02.prefab using Guid(1c18ad21c7ffe42d0ac6bd53d86cf4ad) Importer(815301076,1909f56bfc062723c751e8b465ee728b)  -> (artifact id: '0b0196159dda39c3553bbf47cbb0c20c') in 0.076017 seconds 
========================================================================
Received Import Request.
  Time since last request: 0.000944 seconds.
  path: Assets/Kitchen/Package04_Free_Kitchen/FreeKitchen/Prefabs/Version03/FreePotBig.prefab
  artifactKey: Guid(138c846e3db414a6895a25aea5b32562) Importer(815301076,1909f56bfc062723c751e8b465ee728b)
Start importing Assets/Kitchen/Package04_Free_Kitchen/FreeKitchen/Prefabs/Version03/FreePotBig.prefab using Guid(138c846e3db414a6895a25aea5b32562) Importer(815301076,1909f56bfc062723c751e8b465ee728b)  -> (artifact id: '9f5247a92d381a30642719ec40f6acbe') in 0.074547 seconds 
========================================================================
Received Import Request.
  Time since last request: 0.000020 seconds.
  path: Assets/Kitchen/Package04_Free_Kitchen/FreeKitchen/Prefabs/Version03/FreeSpatula02.prefab
  artifactKey: Guid(c5d95c401ebb6498abb86c916d32dc5b) Importer(815301076,1909f56bfc062723c751e8b465ee728b)
Start importing Assets/Kitchen/Package04_Free_Kitchen/FreeKitchen/Prefabs/Version03/FreeSpatula02.prefab using Guid(c5d95c401ebb6498abb86c916d32dc5b) Importer(815301076,1909f56bfc062723c751e8b465ee728b)  -> (artifact id: '09e8a431540f872bb5baead179959069') in 0.081653 seconds 
========================================================================
Received Import Request.
  Time since last request: 0.002027 seconds.
  path: Assets/Kitchen/Package04_Free_Kitchen/FreeKitchen/Prefabs/Version03/FreeShelf.prefab
  artifactKey: Guid(3c53d06be5fe04d0daa38ac01bb2ae2f) Importer(815301076,1909f56bfc062723c751e8b465ee728b)
Start importing Assets/Kitchen/Package04_Free_Kitchen/FreeKitchen/Prefabs/Version03/FreeShelf.prefab using Guid(3c53d06be5fe04d0daa38ac01bb2ae2f) Importer(815301076,1909f56bfc062723c751e8b465ee728b)  -> (artifact id: '628e7a75e6c2015628a8de95cec3dc61') in 0.084310 seconds 
========================================================================
Received Import Request.
  Time since last request: 0.000023 seconds.
  path: Assets/Kitchen/Package04_Free_Kitchen/FreeKitchen/Prefabs/Version03/FreeLamp.prefab
  artifactKey: Guid(8f3b97f8b27c44ca590e09b3db3fad23) Importer(815301076,1909f56bfc062723c751e8b465ee728b)
Start importing Assets/Kitchen/Package04_Free_Kitchen/FreeKitchen/Prefabs/Version03/FreeLamp.prefab using Guid(8f3b97f8b27c44ca590e09b3db3fad23) Importer(815301076,1909f56bfc062723c751e8b465ee728b)  -> (artifact id: '0f64c77d339fac0c7ea209332414de45') in 0.083866 seconds 
========================================================================
Received Import Request.
  Time since last request: 0.000024 seconds.
  path: Assets/Kitchen/Package04_Free_Kitchen/FreeKitchen/Prefabs/Version03/FreePotSmall.prefab
  artifactKey: Guid(1b7ac749de9164278ab354e436c4445b) Importer(815301076,1909f56bfc062723c751e8b465ee728b)
Start importing Assets/Kitchen/Package04_Free_Kitchen/FreeKitchen/Prefabs/Version03/FreePotSmall.prefab using Guid(1b7ac749de9164278ab354e436c4445b) Importer(815301076,1909f56bfc062723c751e8b465ee728b)  -> (artifact id: '997e72ff1a2b4a0fe283399ca81b49c2') in 0.078106 seconds 
========================================================================
Received Import Request.
  Time since last request: 0.000024 seconds.
  path: Assets/Kitchen/Package04_Free_Kitchen/FreeKitchen/Prefabs/Version03/FreeRoom_Version03.prefab
  artifactKey: Guid(4324507d163af4f849523295e146c7bf) Importer(815301076,1909f56bfc062723c751e8b465ee728b)
Start importing Assets/Kitchen/Package04_Free_Kitchen/FreeKitchen/Prefabs/Version03/FreeRoom_Version03.prefab using Guid(4324507d163af4f849523295e146c7bf) Importer(815301076,1909f56bfc062723c751e8b465ee728b)  -> (artifact id: '3809740b6531d0b8fb61359c902a6fc3') in 1.290322 seconds 
========================================================================
Received Import Request.
  Time since last request: 0.000040 seconds.
  path: Assets/Kitchen/Package04_Free_Kitchen/FreeKitchen/Models/FreeCabinet01_DoorLeft.fbx
  artifactKey: Guid(665d38aa7cbdb44158a5b4b71567bb13) Importer(815301076,1909f56bfc062723c751e8b465ee728b)
Start importing Assets/Kitchen/Package04_Free_Kitchen/FreeKitchen/Models/FreeCabinet01_DoorLeft.fbx using Guid(665d38aa7cbdb44158a5b4b71567bb13) Importer(815301076,1909f56bfc062723c751e8b465ee728b)  -> (artifact id: '4d71229ed6c8da0c01ea0aa0ff19157a') in 0.285434 seconds 
========================================================================
Received Import Request.
  Time since last request: 0.000024 seconds.
  path: Assets/Kitchen/Package04_Free_Kitchen/FreeKitchen/Models/FreeSpatula03.fbx
  artifactKey: Guid(6d5a0e8dc92984c4e93c7a59dbc69297) Importer(815301076,1909f56bfc062723c751e8b465ee728b)
Start importing Assets/Kitchen/Package04_Free_Kitchen/FreeKitchen/Models/FreeSpatula03.fbx using Guid(6d5a0e8dc92984c4e93c7a59dbc69297) Importer(815301076,1909f56bfc062723c751e8b465ee728b)  -> (artifact id: '6f2fc9bfd917e5d6896e8ca54455d6b8') in 0.174044 seconds 
========================================================================
Received Import Request.
  Time since last request: 0.001063 seconds.
  path: Assets/Kitchen/Package04_Free_Kitchen/FreeKitchen/Models/FreeCabinet01_DoorRight.fbx
  artifactKey: Guid(9539b6d6956c84ce9aa440302716cc1f) Importer(815301076,1909f56bfc062723c751e8b465ee728b)
Start importing Assets/Kitchen/Package04_Free_Kitchen/FreeKitchen/Models/FreeCabinet01_DoorRight.fbx using Guid(9539b6d6956c84ce9aa440302716cc1f) Importer(815301076,1909f56bfc062723c751e8b465ee728b)  -> (artifact id: 'a86748fb06bec3d2d1ab705f94f3d72f') in 0.106629 seconds 
========================================================================
Received Import Request.
  Time since last request: 0.000038 seconds.
  path: Assets/Kitchen/Package04_Free_Kitchen/FreeKitchen/Models/FreeLamp.fbx
  artifactKey: Guid(dfa479f5f208b4bb4ae3ecf2345b1710) Importer(815301076,1909f56bfc062723c751e8b465ee728b)
Start importing Assets/Kitchen/Package04_Free_Kitchen/FreeKitchen/Models/FreeLamp.fbx using Guid(dfa479f5f208b4bb4ae3ecf2345b1710) Importer(815301076,1909f56bfc062723c751e8b465ee728b)  -> (artifact id: '3d38f2609a86bee0a095e713cb69d715') in 0.111331 seconds 
========================================================================
Received Import Request.
  Time since last request: 0.000514 seconds.
  path: Assets/Kitchen/Package04_Free_Kitchen/FreeKitchen/Models/FreeCabinet02_DrawerSmall.fbx
  artifactKey: Guid(ac039d90cb5844685919504da1ddf727) Importer(815301076,1909f56bfc062723c751e8b465ee728b)
Start importing Assets/Kitchen/Package04_Free_Kitchen/FreeKitchen/Models/FreeCabinet02_DrawerSmall.fbx using Guid(ac039d90cb5844685919504da1ddf727) Importer(815301076,1909f56bfc062723c751e8b465ee728b)  -> (artifact id: '8ce0c3957385b8d5471c110b177c1437') in 0.094009 seconds 
========================================================================
Received Import Request.
  Time since last request: 0.000182 seconds.
  path: Assets/Kitchen/Package04_Free_Kitchen/FreeKitchen/Models/FreeChair.fbx
  artifactKey: Guid(2f0698271348440e3b2e5827abb32eec) Importer(815301076,1909f56bfc062723c751e8b465ee728b)
Start importing Assets/Kitchen/Package04_Free_Kitchen/FreeKitchen/Models/FreeChair.fbx using Guid(2f0698271348440e3b2e5827abb32eec) Importer(815301076,1909f56bfc062723c751e8b465ee728b)  -> (artifact id: '19070559f45d247ca5e0d41a6d2e2e10') in 0.088144 seconds 
========================================================================
Received Import Request.
  Time since last request: 0.000020 seconds.
  path: Assets/Kitchen/Package04_Free_Kitchen/FreeKitchen/Models/FreePlate.fbx
  artifactKey: Guid(07b03dd64de72415c8fbbd227601bc41) Importer(815301076,1909f56bfc062723c751e8b465ee728b)
Start importing Assets/Kitchen/Package04_Free_Kitchen/FreeKitchen/Models/FreePlate.fbx using Guid(07b03dd64de72415c8fbbd227601bc41) Importer(815301076,1909f56bfc062723c751e8b465ee728b)  -> (artifact id: '53acbdfcbf8135826a13ca2dc9dfb8da') in 0.088676 seconds 
========================================================================
Received Import Request.
  Time since last request: 0.000030 seconds.
  path: Assets/Kitchen/Package04_Free_Kitchen/FreeKitchen/Models/FreePepperShaker.fbx
  artifactKey: Guid(e3af1426604bc4658ad1bf97b58573d8) Importer(815301076,1909f56bfc062723c751e8b465ee728b)
Start importing Assets/Kitchen/Package04_Free_Kitchen/FreeKitchen/Models/FreePepperShaker.fbx using Guid(e3af1426604bc4658ad1bf97b58573d8) Importer(815301076,1909f56bfc062723c751e8b465ee728b)  -> (artifact id: '047433415caf8c1928411db75f2e4941') in 0.067507 seconds 
========================================================================
Received Import Request.
  Time since last request: 0.000026 seconds.
  path: Assets/Kitchen/Package04_Free_Kitchen/FreeKitchen/Models/FreeLampPart.fbx
  artifactKey: Guid(48f96a3c2604f4637aac7bf57cf24238) Importer(815301076,1909f56bfc062723c751e8b465ee728b)
Start importing Assets/Kitchen/Package04_Free_Kitchen/FreeKitchen/Models/FreeLampPart.fbx using Guid(48f96a3c2604f4637aac7bf57cf24238) Importer(815301076,1909f56bfc062723c751e8b465ee728b)  -> (artifact id: 'dc0b930db8cbb08a2ba218ad25731cf4') in 0.101591 seconds 
========================================================================
Received Import Request.
  Time since last request: 0.000027 seconds.
  path: Assets/Kitchen/Package04_Free_Kitchen/FreeKitchen/Models/FreeExtractorHood.fbx
  artifactKey: Guid(673d5702877994d0493b648ed35b6326) Importer(815301076,1909f56bfc062723c751e8b465ee728b)
Start importing Assets/Kitchen/Package04_Free_Kitchen/FreeKitchen/Models/FreeExtractorHood.fbx using Guid(673d5702877994d0493b648ed35b6326) Importer(815301076,1909f56bfc062723c751e8b465ee728b)  -> (artifact id: '3efd6c5f221ed06eadb0179fe28eff0e') in 0.065836 seconds 
========================================================================
Received Import Request.
  Time since last request: 0.000023 seconds.
  path: Assets/Kitchen/Package04_Free_Kitchen/FreeKitchen/Models/FreeCabinet02.fbx
  artifactKey: Guid(0d30ee00960d341658b4d224edd6c6f2) Importer(815301076,1909f56bfc062723c751e8b465ee728b)
Start importing Assets/Kitchen/Package04_Free_Kitchen/FreeKitchen/Models/FreeCabinet02.fbx using Guid(0d30ee00960d341658b4d224edd6c6f2) Importer(815301076,1909f56bfc062723c751e8b465ee728b)  -> (artifact id: 'e7dcaab120f1996c15d95817eaf104a3') in 0.103843 seconds 
========================================================================
Received Import Request.
  Time since last request: 0.000039 seconds.
  path: Assets/Kitchen/Package04_Free_Kitchen/FreeKitchen/Models/FreeSpatula01.fbx
  artifactKey: Guid(16128ced3944249c992ef2795398ca3a) Importer(815301076,1909f56bfc062723c751e8b465ee728b)
Start importing Assets/Kitchen/Package04_Free_Kitchen/FreeKitchen/Models/FreeSpatula01.fbx using Guid(16128ced3944249c992ef2795398ca3a) Importer(815301076,1909f56bfc062723c751e8b465ee728b)  -> (artifact id: 'ed2ec4b2a9c80efe778b8b17f6e6aca7') in 0.084709 seconds 
========================================================================
Received Import Request.
  Time since last request: 0.000037 seconds.
  path: Assets/Kitchen/Package04_Free_Kitchen/FreeKitchen/Models/FreePotBig.fbx
  artifactKey: Guid(acce37bfef401453e92444b207aaeb59) Importer(815301076,1909f56bfc062723c751e8b465ee728b)
Start importing Assets/Kitchen/Package04_Free_Kitchen/FreeKitchen/Models/FreePotBig.fbx using Guid(acce37bfef401453e92444b207aaeb59) Importer(815301076,1909f56bfc062723c751e8b465ee728b)  -> (artifact id: '809a59eb3f51f54df1021aa8a64f6171') in 0.088946 seconds 
========================================================================
Received Import Request.
  Time since last request: 0.000029 seconds.
  path: Assets/Kitchen/Package04_Free_Kitchen/FreeKitchen/Models/FreeCup.fbx
  artifactKey: Guid(e4d59ee7dc3c14991819cb18722aa122) Importer(815301076,1909f56bfc062723c751e8b465ee728b)
Start importing Assets/Kitchen/Package04_Free_Kitchen/FreeKitchen/Models/FreeCup.fbx using Guid(e4d59ee7dc3c14991819cb18722aa122) Importer(815301076,1909f56bfc062723c751e8b465ee728b)  -> (artifact id: '81aa81eb2d0ac8122dbe7986b1ad8344') in 0.094800 seconds 
========================================================================
Received Import Request.
  Time since last request: 0.000025 seconds.
  path: Assets/Kitchen/Package04_Free_Kitchen/FreeKitchen/Models/FreeTable.fbx
  artifactKey: Guid(9040cbe13a7804fc488052de53602ff8) Importer(815301076,1909f56bfc062723c751e8b465ee728b)
Start importing Assets/Kitchen/Package04_Free_Kitchen/FreeKitchen/Models/FreeTable.fbx using Guid(9040cbe13a7804fc488052de53602ff8) Importer(815301076,1909f56bfc062723c751e8b465ee728b)  -> (artifact id: 'c64fa74df9bfc438d05be1a74a9c80ef') in 0.127122 seconds 
========================================================================
Received Import Request.
  Time since last request: 0.000038 seconds.
  path: Assets/Kitchen/Package04_Free_Kitchen/FreeKitchen/Models/FreeSaltShaker.fbx
  artifactKey: Guid(767732067732c4984919920f17e43be6) Importer(815301076,1909f56bfc062723c751e8b465ee728b)
Start importing Assets/Kitchen/Package04_Free_Kitchen/FreeKitchen/Models/FreeSaltShaker.fbx using Guid(767732067732c4984919920f17e43be6) Importer(815301076,1909f56bfc062723c751e8b465ee728b)  -> (artifact id: '3674598aba63327dcfefbb55a40b21d6') in 0.103384 seconds 
========================================================================
Received Import Request.
  Time since last request: 0.000019 seconds.
  path: Assets/Kitchen/Package04_Free_Kitchen/FreeKitchen/Models/FreeCabinet01.fbx
  artifactKey: Guid(f97859fdcfc7346408fcea5b6ef47d18) Importer(815301076,1909f56bfc062723c751e8b465ee728b)
Start importing Assets/Kitchen/Package04_Free_Kitchen/FreeKitchen/Models/FreeCabinet01.fbx using Guid(f97859fdcfc7346408fcea5b6ef47d18) Importer(815301076,1909f56bfc062723c751e8b465ee728b)  -> (artifact id: '2bfbe79cde8eed2f8c73ebe612a04872') in 0.145362 seconds 
Editor requested this worker to shutdown with reason: Scaling down because of idle timeout
AssetImportWorkerClient::OnTransportError - code=2 error=End of file
AssetImportWorker is now disconnected from the server
Process exiting
Exiting without the bug reporter. Application will terminate with return code 0