Using pre-set license
Built from '2021.3/staging' branch; Version is '2021.3.15f1 (e8e88683f834) revision 15263878'; Using compiler version '192829333'; Build Type 'Release'
OS: 'Windows 11  (10.0.22621) 64bit Professional' Language: 'en' Physical Memory: 16082 MB
BatchMode: 1, IsHumanControllingUs: 0, StartBugReporterOnCrash: 0, Is64bit: 1, IsPro: 1

COMMAND LINE ARGUMENTS:
C:\2021.3.15f1\Editor\Unity.exe
-adb2
-batchMode
-noUpm
-name
AssetImportWorker0
-projectPath
C:/Users/brand/OneDrive/Documents/GitHub/Rollin/Rollin_Prototype
-logFile
Logs/AssetImportWorker0.log
-srvPort
53691
Successfully changed project path to: C:/Users/brand/OneDrive/Documents/GitHub/Rollin/Rollin_Prototype
C:/Users/brand/OneDrive/Documents/GitHub/Rollin/Rollin_Prototype
[UnityMemory] Configuration Parameters - Can be set up in boot.config
    "memorysetup-bucket-allocator-granularity=16"
    "memorysetup-bucket-allocator-bucket-count=8"
    "memorysetup-bucket-allocator-block-size=33554432"
    "memorysetup-bucket-allocator-block-count=8"
    "memorysetup-main-allocator-block-size=16777216"
    "memorysetup-thread-allocator-block-size=16777216"
    "memorysetup-gfx-main-allocator-block-size=16777216"
    "memorysetup-gfx-thread-allocator-block-size=16777216"
    "memorysetup-cache-allocator-block-size=4194304"
    "memorysetup-typetree-allocator-block-size=2097152"
    "memorysetup-profiler-bucket-allocator-granularity=16"
    "memorysetup-profiler-bucket-allocator-bucket-count=8"
    "memorysetup-profiler-bucket-allocator-block-size=33554432"
    "memorysetup-profiler-bucket-allocator-block-count=8"
    "memorysetup-profiler-allocator-block-size=16777216"
    "memorysetup-profiler-editor-allocator-block-size=1048576"
    "memorysetup-temp-allocator-size-main=16777216"
    "memorysetup-job-temp-allocator-block-size=2097152"
    "memorysetup-job-temp-allocator-block-size-background=1048576"
    "memorysetup-job-temp-allocator-reduction-small-platforms=262144"
    "memorysetup-temp-allocator-size-background-worker=32768"
    "memorysetup-temp-allocator-size-job-worker=262144"
    "memorysetup-temp-allocator-size-preload-manager=33554432"
    "memorysetup-temp-allocator-size-nav-mesh-worker=65536"
    "memorysetup-temp-allocator-size-audio-worker=65536"
    "memorysetup-temp-allocator-size-cloud-worker=32768"
    "memorysetup-temp-allocator-size-gi-baking-worker=262144"
    "memorysetup-temp-allocator-size-gfx=262144"
Player connection [25904] Host "[IP] 192.168.1.67 [Port] 0 [Flags] 2 [Guid] 2405544803 [EditorId] 2405544803 [Version] 1048832 [Id] WindowsEditor(7,MSI) [Debug] 1 [PackageName] WindowsEditor [ProjectName] Editor" joined multi-casting on [225.0.0.222:54997]...

Player connection [25904] Host "[IP] 192.168.1.67 [Port] 0 [Flags] 2 [Guid] 2405544803 [EditorId] 2405544803 [Version] 1048832 [Id] WindowsEditor(7,MSI) [Debug] 1 [PackageName] WindowsEditor [ProjectName] Editor" joined alternative multi-casting on [225.0.0.222:34997]...

Refreshing native plugins compatible for Editor in 64.62 ms, found 3 plugins.
Preloading 0 native plugins for Editor in 0.00 ms.
Initialize engine version: 2021.3.15f1 (e8e88683f834)
[Subsystems] Discovering subsystems at path C:/2021.3.15f1/Editor/Data/Resources/UnitySubsystems
[Subsystems] Discovering subsystems at path C:/Users/brand/OneDrive/Documents/GitHub/Rollin/Rollin_Prototype/Assets
GfxDevice: creating device client; threaded=0; jobified=0
Direct3D:
    Version:  Direct3D 11.0 [level 11.1]
    Renderer: NVIDIA GeForce RTX 3080 Laptop GPU (ID=0x249c)
    Vendor:   NVIDIA
    VRAM:     8031 MB
    Driver:   31.0.15.3161
Initialize mono
Mono path[0] = 'C:/2021.3.15f1/Editor/Data/Managed'
Mono path[1] = 'C:/2021.3.15f1/Editor/Data/MonoBleedingEdge/lib/mono/unityjit-win32'
Mono config path = 'C:/2021.3.15f1/Editor/Data/MonoBleedingEdge/etc'
Using monoOptions --debugger-agent=transport=dt_socket,embedding=1,server=y,suspend=n,address=127.0.0.1:56752
Begin MonoManager ReloadAssembly
Registering precompiled unity dll's ...
Register platform support module: C:/2021.3.15f1/Editor/Data/PlaybackEngines/AndroidPlayer/UnityEditor.Android.Extensions.dll
Register platform support module: C:/2021.3.15f1/Editor/Data/PlaybackEngines/iOSSupport/UnityEditor.iOS.Extensions.dll
Register platform support module: C:/2021.3.15f1/Editor/Data/PlaybackEngines/WindowsStandaloneSupport/UnityEditor.WindowsStandalone.Extensions.dll
Registered in 0.002886 seconds.
Native extension for WindowsStandalone target not found
[usbmuxd] Start listen thread
[usbmuxd] Listen thread started
Native extension for iOS target not found
Native extension for Android target not found
Refreshing native plugins compatible for Editor in 65.57 ms, found 3 plugins.
Preloading 0 native plugins for Editor in 0.00 ms.
Mono: successfully reloaded assembly
- Completed reload, in  0.627 seconds
Domain Reload Profiling:
	ReloadAssembly (627ms)
		BeginReloadAssembly (101ms)
			ExecutionOrderSort (0ms)
			DisableScriptedObjects (0ms)
			BackupInstance (0ms)
			ReleaseScriptingObjects (0ms)
			CreateAndSetChildDomain (1ms)
		EndReloadAssembly (428ms)
			LoadAssemblies (100ms)
			RebuildTransferFunctionScriptingTraits (0ms)
			SetupTypeCache (105ms)
			ReleaseScriptCaches (0ms)
			RebuildScriptCaches (25ms)
			SetupLoadedEditorAssemblies (251ms)
				LogAssemblyErrors (0ms)
				InitializePlatformSupportModulesInManaged (61ms)
				SetLoadedEditorAssemblies (0ms)
				RefreshPlugins (66ms)
				BeforeProcessingInitializeOnLoad (3ms)
				ProcessInitializeOnLoadAttributes (80ms)
				ProcessInitializeOnLoadMethodAttributes (40ms)
				AfterProcessingInitializeOnLoad (0ms)
				EditorAssembliesLoaded (0ms)
			ExecutionOrderSort2 (0ms)
			AwakeInstancesAfterBackupRestoration (0ms)
Platform modules already initialized, skipping
Registering precompiled user dll's ...
Registered in 0.004802 seconds.
Begin MonoManager ReloadAssembly
Symbol file LoadedFromMemory doesn't match image C:\Users\brand\OneDrive\Documents\GitHub\Rollin\Rollin_Prototype\Library\PackageCache\com.unity.visualscripting@1.7.8\Editor\VisualScripting.Core\Dependencies\YamlDotNet\Unity.VisualScripting.YamlDotNet.dll
Symbol file LoadedFromMemory doesn't match image C:\Users\brand\OneDrive\Documents\GitHub\Rollin\Rollin_Prototype\Library\PackageCache\com.unity.visualscripting@1.7.8\Editor\VisualScripting.Core\Dependencies\DotNetZip\Unity.VisualScripting.IonicZip.dll
Native extension for WindowsStandalone target not found
Native extension for iOS target not found
Native extension for Android target not found
Refreshing native plugins compatible for Editor in 0.67 ms, found 3 plugins.
Preloading 0 native plugins for Editor in 0.00 ms.
Mono: successfully reloaded assembly
Package Manager log level set to [2]
- Completed reload, in  1.340 seconds
Domain Reload Profiling:
	ReloadAssembly (1341ms)
		BeginReloadAssembly (421ms)
			ExecutionOrderSort (0ms)
			DisableScriptedObjects (6ms)
			BackupInstance (0ms)
			ReleaseScriptingObjects (0ms)
			CreateAndSetChildDomain (345ms)
		EndReloadAssembly (804ms)
			LoadAssemblies (95ms)
			RebuildTransferFunctionScriptingTraits (0ms)
			SetupTypeCache (253ms)
			ReleaseScriptCaches (1ms)
			RebuildScriptCaches (56ms)
			SetupLoadedEditorAssemblies (351ms)
				LogAssemblyErrors (0ms)
				InitializePlatformSupportModulesInManaged (23ms)
				SetLoadedEditorAssemblies (1ms)
				RefreshPlugins (1ms)
				BeforeProcessingInitializeOnLoad (82ms)
				ProcessInitializeOnLoadAttributes (221ms)
				ProcessInitializeOnLoadMethodAttributes (20ms)
				AfterProcessingInitializeOnLoad (4ms)
				EditorAssembliesLoaded (0ms)
			ExecutionOrderSort2 (0ms)
			AwakeInstancesAfterBackupRestoration (5ms)
Platform modules already initialized, skipping
========================================================================
Worker process is ready to serve import requests
Launched and connected shader compiler UnityShaderCompiler.exe after 0.11 seconds
Refreshing native plugins compatible for Editor in 0.74 ms, found 3 plugins.
Preloading 0 native plugins for Editor in 0.00 ms.
Unloading 3475 Unused Serialized files (Serialized files now loaded: 0)
Unloading 40 unused Assets / (87.7 KB). Loaded Objects now: 3922.
Memory consumption went from 118.8 MB to 118.7 MB.
Total: 3.043600 ms (FindLiveObjects: 0.284500 ms CreateObjectMapping: 0.123000 ms MarkObjects: 2.558500 ms  DeleteObjects: 0.076100 ms)

AssetImportParameters requested are different than current active one (requested -> active):
  custom:video-decoder-ogg-theora: a1e56fd34408186e4bbccfd4996cb3dc -> 
  custom:container-muxer-webm: aa71ff27fc2769a1b78a27578f13a17b -> 
  custom:container-demuxer-webm: 4f35f7cbe854078d1ac9338744f61a02 -> 
  custom:video-encoder-webm-vp8: eb34c28f22e8b96e1ab97ce403110664 -> 
  custom:audio-encoder-webm-vorbis: bf7c407c2cedff20999df2af8eb42d56 -> 
  custom:framework-win-MediaFoundation: 216162199b28c13a410421893ffa2e32 -> 
  custom:container-demuxer-ogg: 62fdf1f143b41e24485cea50d1cbac27 -> 
  custom:video-decoder-webm-vp8: 9c59270c3fd7afecdb556c50c9e8de78 -> 
  custom:audio-decoder-ogg-vorbis: bf7c407c2cedff20999df2af8eb42d56 -> 
========================================================================
Received Import Request.
  Time since last request: 43826.182611 seconds.
  path: Assets/UI
  artifactKey: Guid(4ef92c66577e9114db6667fe9ff8e7d1) Importer(815301076,1909f56bfc062723c751e8b465ee728b)
Start importing Assets/UI using Guid(4ef92c66577e9114db6667fe9ff8e7d1) Importer(815301076,1909f56bfc062723c751e8b465ee728b)  -> (artifact id: 'ed8c386f749b0440d557cb2dca2e4208') in 0.009646 seconds 
========================================================================
Received Import Request.
  Time since last request: 0.080354 seconds.
  path: Assets/UI/img_flower.png
  artifactKey: Guid(36f4c51604073c4448db96c09baf2867) Importer(815301076,1909f56bfc062723c751e8b465ee728b)
Start importing Assets/UI/img_flower.png using Guid(36f4c51604073c4448db96c09baf2867) Importer(815301076,1909f56bfc062723c751e8b465ee728b)  -> (artifact id: '52cc85b493e6d008572f3b37305de453') in 0.081903 seconds 
========================================================================
Received Import Request.
  Time since last request: 0.019658 seconds.
  path: Assets/UI/mmslash2_1.png
  artifactKey: Guid(4b01a88086236c4448a550acb62b2f0b) Importer(815301076,1909f56bfc062723c751e8b465ee728b)
Start importing Assets/UI/mmslash2_1.png using Guid(4b01a88086236c4448a550acb62b2f0b) Importer(815301076,1909f56bfc062723c751e8b465ee728b)  -> (artifact id: '3caa789db18302621f072eedb3989060') in 0.022579 seconds 
========================================================================
Received Import Request.
  Time since last request: 0.000020 seconds.
  path: Assets/UI/img_samarai.png
  artifactKey: Guid(5215e5522c0b1184f8e848a6999f8f6a) Importer(815301076,1909f56bfc062723c751e8b465ee728b)
Start importing Assets/UI/img_samarai.png using Guid(5215e5522c0b1184f8e848a6999f8f6a) Importer(815301076,1909f56bfc062723c751e8b465ee728b)  -> (artifact id: '86634fb6a6a0b3fca95e165ff452f72a') in 0.027563 seconds 
========================================================================
Received Import Request.
  Time since last request: 0.000024 seconds.
  path: Assets/UI/img_sushihand.png
  artifactKey: Guid(de11b204d31024740b32e934ce128f0d) Importer(815301076,1909f56bfc062723c751e8b465ee728b)
Start importing Assets/UI/img_sushihand.png using Guid(de11b204d31024740b32e934ce128f0d) Importer(815301076,1909f56bfc062723c751e8b465ee728b)  -> (artifact id: 'ad5ee89defa009932ea56ce977fe013e') in 0.017155 seconds 
========================================================================
Received Import Request.
  Time since last request: 0.000027 seconds.
  path: Assets/UI/mmslash_1.png
  artifactKey: Guid(31381f18c88004d4989e536d39301a91) Importer(815301076,1909f56bfc062723c751e8b465ee728b)
Start importing Assets/UI/mmslash_1.png using Guid(31381f18c88004d4989e536d39301a91) Importer(815301076,1909f56bfc062723c751e8b465ee728b)  -> (artifact id: 'd96a16334a85ef229d249f86ab26d3eb') in 0.013719 seconds 
========================================================================
Received Import Request.
  Time since last request: 2.593738 seconds.
  path: Assets/Kitchen
  artifactKey: Guid(b12af30803a89f545bf51f27f0946574) Importer(815301076,1909f56bfc062723c751e8b465ee728b)
Start importing Assets/Kitchen using Guid(b12af30803a89f545bf51f27f0946574) Importer(815301076,1909f56bfc062723c751e8b465ee728b)  -> (artifact id: '0a30c3539061cefd9f27aa877f77f660') in 0.002203 seconds 
========================================================================
Received Import Request.
  Time since last request: 87.077765 seconds.
  path: Assets/Kitchen/Package04_Free_Kitchen/FreeKitchen/Prefabs/Version02/Cabinet02WithEquipment.prefab
  artifactKey: Guid(d893035dcedac4979a71576df53f9dd8) Importer(815301076,1909f56bfc062723c751e8b465ee728b)
Start importing Assets/Kitchen/Package04_Free_Kitchen/FreeKitchen/Prefabs/Version02/Cabinet02WithEquipment.prefab using Guid(d893035dcedac4979a71576df53f9dd8) Importer(815301076,1909f56bfc062723c751e8b465ee728b)  -> (artifact id: '225123a8c6316545711f3883cd0ee494') in 1.028344 seconds 
========================================================================
Received Import Request.
  Time since last request: 0.000025 seconds.
  path: Assets/Kitchen/Package04_Free_Kitchen/FreeKitchen/Prefabs/Version02/FreePotBig.prefab
  artifactKey: Guid(35d3766b796fd4242b5f5eaf018ade79) Importer(815301076,1909f56bfc062723c751e8b465ee728b)
Start importing Assets/Kitchen/Package04_Free_Kitchen/FreeKitchen/Prefabs/Version02/FreePotBig.prefab using Guid(35d3766b796fd4242b5f5eaf018ade79) Importer(815301076,1909f56bfc062723c751e8b465ee728b)  -> (artifact id: '67d9eb7fcbd4b1eeb58b26478fbbf94d') in 0.118381 seconds 
========================================================================
Received Import Request.
  Time since last request: 0.002929 seconds.
  path: Assets/Kitchen/Package04_Free_Kitchen/FreeKitchen/Prefabs/Version02/FreePepperShaker.prefab
  artifactKey: Guid(51c217fc5967344cfbbdfe07d710b205) Importer(815301076,1909f56bfc062723c751e8b465ee728b)
Start importing Assets/Kitchen/Package04_Free_Kitchen/FreeKitchen/Prefabs/Version02/FreePepperShaker.prefab using Guid(51c217fc5967344cfbbdfe07d710b205) Importer(815301076,1909f56bfc062723c751e8b465ee728b)  -> (artifact id: 'b0f34290992b78fb614e7051f14c8e69') in 0.115388 seconds 
========================================================================
Received Import Request.
  Time since last request: 0.000026 seconds.
  path: Assets/Kitchen/Package04_Free_Kitchen/FreeKitchen/Prefabs/Version02/FreeBowl01.prefab
  artifactKey: Guid(f9b46880c7d52469a8c1b79e124a0b45) Importer(815301076,1909f56bfc062723c751e8b465ee728b)
Start importing Assets/Kitchen/Package04_Free_Kitchen/FreeKitchen/Prefabs/Version02/FreeBowl01.prefab using Guid(f9b46880c7d52469a8c1b79e124a0b45) Importer(815301076,1909f56bfc062723c751e8b465ee728b)  -> (artifact id: 'fdfe2f2c20b4cd78c7c92b0b7f76cb94') in 0.086216 seconds 
========================================================================
Received Import Request.
  Time since last request: 0.000031 seconds.
  path: Assets/Kitchen/Package04_Free_Kitchen/FreeKitchen/Prefabs/Version02/FreeExtractorHood.prefab
  artifactKey: Guid(c7e29f9db90054909a07a4b7127fc57d) Importer(815301076,1909f56bfc062723c751e8b465ee728b)
Start importing Assets/Kitchen/Package04_Free_Kitchen/FreeKitchen/Prefabs/Version02/FreeExtractorHood.prefab using Guid(c7e29f9db90054909a07a4b7127fc57d) Importer(815301076,1909f56bfc062723c751e8b465ee728b)  -> (artifact id: 'a3cf3ebfb8b088f19b0687f07bcc6cc8') in 0.109989 seconds 
========================================================================
Received Import Request.
  Time since last request: 0.000027 seconds.
  path: Assets/Kitchen/Package04_Free_Kitchen/FreeKitchen/Prefabs/Version02/FreeCabinet01_DoorRight.prefab
  artifactKey: Guid(8db0836c2768d4672b6a6a5769326053) Importer(815301076,1909f56bfc062723c751e8b465ee728b)
Start importing Assets/Kitchen/Package04_Free_Kitchen/FreeKitchen/Prefabs/Version02/FreeCabinet01_DoorRight.prefab using Guid(8db0836c2768d4672b6a6a5769326053) Importer(815301076,1909f56bfc062723c751e8b465ee728b)  -> (artifact id: '48fbb77c61f18e5474690ea47ef3dfc0') in 0.110165 seconds 
========================================================================
Received Import Request.
  Time since last request: 0.000017 seconds.
  path: Assets/Kitchen/Package04_Free_Kitchen/FreeKitchen/Prefabs/Version02/FreeCabinet02_DrawerSmall.prefab
  artifactKey: Guid(04a7d5ccad5a04af580fcc157ac54f45) Importer(815301076,1909f56bfc062723c751e8b465ee728b)
Start importing Assets/Kitchen/Package04_Free_Kitchen/FreeKitchen/Prefabs/Version02/FreeCabinet02_DrawerSmall.prefab using Guid(04a7d5ccad5a04af580fcc157ac54f45) Importer(815301076,1909f56bfc062723c751e8b465ee728b)  -> (artifact id: '410cf6d39a98b337a5f61296b7871289') in 0.102882 seconds 
========================================================================
Received Import Request.
  Time since last request: 0.000018 seconds.
  path: Assets/Kitchen/Package04_Free_Kitchen/FreeKitchen/Prefabs/Version02/FreeToaster.prefab
  artifactKey: Guid(566155daf34764d3eb3f4170fef77f24) Importer(815301076,1909f56bfc062723c751e8b465ee728b)
Start importing Assets/Kitchen/Package04_Free_Kitchen/FreeKitchen/Prefabs/Version02/FreeToaster.prefab using Guid(566155daf34764d3eb3f4170fef77f24) Importer(815301076,1909f56bfc062723c751e8b465ee728b)  -> (artifact id: '544a316eab856ccb0bc3883a2f4226aa') in 0.093142 seconds 
========================================================================
Received Import Request.
  Time since last request: 0.000033 seconds.
  path: Assets/Kitchen/Package04_Free_Kitchen/FreeKitchen/Prefabs/Version02/FreePlate.prefab
  artifactKey: Guid(bf93e4f85312c47809f52b78bde0ff28) Importer(815301076,1909f56bfc062723c751e8b465ee728b)
Start importing Assets/Kitchen/Package04_Free_Kitchen/FreeKitchen/Prefabs/Version02/FreePlate.prefab using Guid(bf93e4f85312c47809f52b78bde0ff28) Importer(815301076,1909f56bfc062723c751e8b465ee728b)  -> (artifact id: '341b98be10ac94dceb8e406f118cafca') in 0.102910 seconds 
========================================================================
Received Import Request.
  Time since last request: 0.000018 seconds.
  path: Assets/Kitchen/Package04_Free_Kitchen/FreeKitchen/Prefabs/Version02/FreeCabinet03_DrawerBig.prefab
  artifactKey: Guid(c0adec9f6a2d84c79bff54e8417e3cf6) Importer(815301076,1909f56bfc062723c751e8b465ee728b)
Start importing Assets/Kitchen/Package04_Free_Kitchen/FreeKitchen/Prefabs/Version02/FreeCabinet03_DrawerBig.prefab using Guid(c0adec9f6a2d84c79bff54e8417e3cf6) Importer(815301076,1909f56bfc062723c751e8b465ee728b)  -> (artifact id: 'f6ab2655033ff6f6a8b573c718b2f5d8') in 0.130038 seconds 
========================================================================
Received Import Request.
  Time since last request: 0.000037 seconds.
  path: Assets/Kitchen/Package04_Free_Kitchen/FreeKitchen/Prefabs/Version02/FreeSpatula03.prefab
  artifactKey: Guid(e2013dc2188d6423f8e140a476a0739e) Importer(815301076,1909f56bfc062723c751e8b465ee728b)
Start importing Assets/Kitchen/Package04_Free_Kitchen/FreeKitchen/Prefabs/Version02/FreeSpatula03.prefab using Guid(e2013dc2188d6423f8e140a476a0739e) Importer(815301076,1909f56bfc062723c751e8b465ee728b)  -> (artifact id: '828b902a28454e68128d79bd578306e9') in 0.088026 seconds 
========================================================================
Received Import Request.
  Time since last request: 0.002237 seconds.
  path: Assets/Kitchen/Package04_Free_Kitchen/FreeKitchen/Prefabs/Version02/CoffeeMakerWithPlateCup.prefab
  artifactKey: Guid(f70a2109cab0142269e40146b9403157) Importer(815301076,1909f56bfc062723c751e8b465ee728b)
Start importing Assets/Kitchen/Package04_Free_Kitchen/FreeKitchen/Prefabs/Version02/CoffeeMakerWithPlateCup.prefab using Guid(f70a2109cab0142269e40146b9403157) Importer(815301076,1909f56bfc062723c751e8b465ee728b)  -> (artifact id: '09af65081f92ba9f6064934ae72cd4f5') in 0.236340 seconds 
========================================================================
Received Import Request.
  Time since last request: 0.000029 seconds.
  path: Assets/Kitchen/Package04_Free_Kitchen/FreeKitchen/Prefabs/Version02/FreeCabinet03.prefab
  artifactKey: Guid(dfa7877a09a8949199d86352f80adc8e) Importer(815301076,1909f56bfc062723c751e8b465ee728b)
Start importing Assets/Kitchen/Package04_Free_Kitchen/FreeKitchen/Prefabs/Version02/FreeCabinet03.prefab using Guid(dfa7877a09a8949199d86352f80adc8e) Importer(815301076,1909f56bfc062723c751e8b465ee728b)  -> (artifact id: '6c9b66331992652a988bf35f1dd7c233') in 0.212199 seconds 
========================================================================
Received Import Request.
  Time since last request: 0.000038 seconds.
  path: Assets/Kitchen/Package04_Free_Kitchen/FreeKitchen/Prefabs/Version02/StoveWithExtractorHood.prefab
  artifactKey: Guid(81cc080e38296414190455d95818ac80) Importer(815301076,1909f56bfc062723c751e8b465ee728b)
Start importing Assets/Kitchen/Package04_Free_Kitchen/FreeKitchen/Prefabs/Version02/StoveWithExtractorHood.prefab using Guid(81cc080e38296414190455d95818ac80) Importer(815301076,1909f56bfc062723c751e8b465ee728b)  -> (artifact id: '2bb422f3aea1a354545f940d724c1a8d') in 0.110319 seconds 
========================================================================
Received Import Request.
  Time since last request: 0.000014 seconds.
  path: Assets/Kitchen/Package04_Free_Kitchen/FreeKitchen/Prefabs/Version02/FreeRoom_Version02.prefab
  artifactKey: Guid(df50b00d653da4daeb7be587a0685c4d) Importer(815301076,1909f56bfc062723c751e8b465ee728b)
Start importing Assets/Kitchen/Package04_Free_Kitchen/FreeKitchen/Prefabs/Version02/FreeRoom_Version02.prefab using Guid(df50b00d653da4daeb7be587a0685c4d) Importer(815301076,1909f56bfc062723c751e8b465ee728b)  -> (artifact id: 'cd53100ef3e1ba2eb07d79f7ed6433c0') in 1.422846 seconds 
